<?xml version="1.0" encoding="UTF-8" ?>
<testsuite tests="15" failures="0" name="net.thumbtack.school.windows.v1.TestRectButton" time="0.002" errors="0" skipped="0">
  <properties>
[...]
</properties>
  <testcase classname="net.thumbtack.school.windows.v1.TestRectButton" name="testIsPointInsideRectButton1" time="0"/>
  <testcase classname="net.thumbtack.school.windows.v1.TestRectButton" name="testIsPointInsideRectButton2" time="0"/>
  <testcase classname="net.thumbtack.school.windows.v1.TestRectButton" name="testMoveToRectButton1" time="0"/>
  <testcase classname="net.thumbtack.school.windows.v1.TestRectButton" name="testMoveToRectButton2" time="0"/>
  <testcase classname="net.thumbtack.school.windows.v1.TestRectButton" name="testResizeRectButton" time="0.001"/>
  <testcase classname="net.thumbtack.school.windows.v1.TestRectButton" name="testMoveRelRectButton" time="0"/>
  <testcase classname="net.thumbtack.school.windows.v1.TestRectButton" name="testRectButtonsAreEqual" time="0"/>
  <testcase classname="net.thumbtack.school.windows.v1.TestRectButton" name="testIsRectButtonInsideRectButton" time="0"/>
  <testcase classname="net.thumbtack.school.windows.v1.TestRectButton" name="testIsIntersectsRectButton" time="0"/>
  <testcase classname="net.thumbtack.school.windows.v1.TestRectButton" name="testIsFullyVisibleOnDesktop" time="0.001"/>
  <testcase classname="net.thumbtack.school.windows.v1.TestRectButton" name="testRectButton1" time="0"/>
  <testcase classname="net.thumbtack.school.windows.v1.TestRectButton" name="testRectButton2" time="0"/>
  <testcase classname="net.thumbtack.school.windows.v1.TestRectButton" name="testRectButton3" time="0"/>
  <testcase classname="net.thumbtack.school.windows.v1.TestRectButton" name="testRectButton4" time="0"/>
  <testcase classname="net.thumbtack.school.windows.v1.TestRectButton" name="testSetRectButton" time="0"/>
</testsuite>