<?xml version="1.0" encoding="UTF-8" ?>
<testsuite tests="21" failures="0" name="net.thumbtack.school.introduction.TestFirstSteps" time="0.008" errors="0" skipped="0">
  <properties>
[...]
</properties>
  <testcase classname="net.thumbtack.school.introduction.TestFirstSteps" name="testAverageArray" time="0.002"/>
  <testcase classname="net.thumbtack.school.introduction.TestFirstSteps" name="testSortedDescendantMatrixRows" time="0"/>
  <testcase classname="net.thumbtack.school.introduction.TestFirstSteps" name="testDiv" time="0"/>
  <testcase classname="net.thumbtack.school.introduction.TestFirstSteps" name="testMod" time="0"/>
  <testcase classname="net.thumbtack.school.introduction.TestFirstSteps" name="testMul" time="0"/>
  <testcase classname="net.thumbtack.school.introduction.TestFirstSteps" name="testSum" time="0"/>
  <testcase classname="net.thumbtack.school.introduction.TestFirstSteps" name="testIsInsideRect" time="0"/>
  <testcase classname="net.thumbtack.school.introduction.TestFirstSteps" name="testSumArray" time="0"/>
  <testcase classname="net.thumbtack.school.introduction.TestFirstSteps" name="testMinArray" time="0"/>
  <testcase classname="net.thumbtack.school.introduction.TestFirstSteps" name="testCubeArray" time="0.004"/>
  <testcase classname="net.thumbtack.school.introduction.TestFirstSteps" name="testDiagonalMaxMatrix" time="0.002"/>
  <testcase classname="net.thumbtack.school.introduction.TestFirstSteps" name="testFindValueArray" time="0"/>
  <testcase classname="net.thumbtack.school.introduction.TestFirstSteps" name="testGreater" time="0"/>
  <testcase classname="net.thumbtack.school.introduction.TestFirstSteps" name="testMaxMatrix" time="0"/>
  <testcase classname="net.thumbtack.school.introduction.TestFirstSteps" name="testIsPalindromeArray" time="0"/>
  <testcase classname="net.thumbtack.school.introduction.TestFirstSteps" name="testReverseArray" time="0"/>
  <testcase classname="net.thumbtack.school.introduction.TestFirstSteps" name="testMaxArray" time="0"/>
  <testcase classname="net.thumbtack.school.introduction.TestFirstSteps" name="testSumMatrix" time="0"/>
  <testcase classname="net.thumbtack.school.introduction.TestFirstSteps" name="testMulArray" time="0"/>
  <testcase classname="net.thumbtack.school.introduction.TestFirstSteps" name="testEquals" time="0"/>
  <testcase classname="net.thumbtack.school.introduction.TestFirstSteps" name="testSortedDescendantArray" time="0"/>
</testsuite>